#
# There is insufficient memory for the Java Runtime Environment to continue.
# Native memory allocation (malloc) failed to allocate 1090096 bytes for Chunk::new
# Possible reasons:
#   The system is out of physical RAM or swap space
#   The process is running with CompressedOops enabled, and the Java Heap may be blocking the growth of the native heap
# Possible solutions:
#   Reduce memory load on the system
#   Increase physical memory or swap space
#   Check if swap backing store is full
#   Decrease Java heap size (-Xmx/-Xms)
#   Decrease number of Java threads
#   Decrease Java thread stack sizes (-Xss)
#   Set larger code cache with -XX:ReservedCodeCacheSize=
#   JVM is running with Unscaled Compressed Oops mode in which the Java heap is
#     placed in the first 4GB address space. The Java Heap base address is the
#     maximum limit for the native heap growth. Please use -XX:HeapBaseMinAddress
#     to set the Java Heap base and to place the Java Heap above 4GB virtual address.
# This output file may be truncated or incomplete.
#
#  Out of Memory Error (allocation.cpp:389), pid=12640, tid=0x0000000000002f00
#
# JRE version: OpenJDK Runtime Environment (8.0_202-b03) (build 1.8.0_202-release-1483-b03)
# Java VM: OpenJDK 64-Bit Server VM (25.202-b03 mixed mode windows-amd64 compressed oops)
# Failed to write core dump. Minidumps are not enabled by default on client versions of Windows
#

---------------  T H R E A D  ---------------

Current thread (0x000000001844d800):  JavaThread "C2 CompilerThread2" daemon [_thread_in_native, id=12032, stack(0x0000000019ca0000,0x0000000019da0000)]

Stack: [0x0000000019ca0000,0x0000000019da0000]
[error occurred during error reporting (printing stack bounds), id 0xc0000005]

Native frames: (J=compiled Java code, j=interpreted, Vv=VM code, C=native code)


Current CompileTask:
C2:1805356 11644 %     4       com.sun.tools.javac.file.ZipFileIndex$ZipDirectory::readEntry @ 102 (587 bytes)


---------------  P R O C E S S  ---------------

Java Threads: ( => current thread )
  0x000000001f0f2800 JavaThread "Cache worker for Java compile cache (C:\Users\CDeale\AndroidStudioProjects\BattleTechClusterHits\.gradle\5.4.1\javaCompile)" [_thread_blocked, id=12772, stack(0x00000000283c0000,0x00000000284c0000)]
  0x000000001f0f3800 JavaThread "Cache worker for execution history cache (C:\Users\CDeale\AndroidStudioProjects\BattleTechClusterHits\.gradle\5.4.1\executionHistory)" [_thread_blocked, id=13352, stack(0x00000000281a0000,0x00000000282a0000)]
  0x000000001f0f1000 JavaThread "Execution worker for ':' Thread 11" [_thread_blocked, id=10716, stack(0x00000000280a0000,0x00000000281a0000)]
  0x000000001f0f0800 JavaThread "Execution worker for ':' Thread 10" [_thread_blocked, id=1876, stack(0x0000000027fa0000,0x00000000280a0000)]
  0x000000001f0f2000 JavaThread "Execution worker for ':' Thread 9" [_thread_blocked, id=15900, stack(0x0000000027ea0000,0x0000000027fa0000)]
  0x000000001f0ef800 JavaThread "Execution worker for ':' Thread 8" [_thread_blocked, id=4076, stack(0x0000000027da0000,0x0000000027ea0000)]
  0x000000001f0ef000 JavaThread "Execution worker for ':' Thread 7" [_thread_blocked, id=5900, stack(0x0000000027ca0000,0x0000000027da0000)]
  0x000000001f0e7800 JavaThread "Execution worker for ':' Thread 6" [_thread_in_native, id=3696, stack(0x0000000027ba0000,0x0000000027ca0000)]
  0x000000001f0ee000 JavaThread "Execution worker for ':' Thread 5" [_thread_blocked, id=12056, stack(0x0000000027aa0000,0x0000000027ba0000)]
  0x000000001f0ed800 JavaThread "Execution worker for ':' Thread 4" [_thread_blocked, id=15316, stack(0x00000000279a0000,0x0000000027aa0000)]
  0x000000001f0e6000 JavaThread "Execution worker for ':' Thread 3" [_thread_blocked, id=10256, stack(0x00000000276a0000,0x00000000277a0000)]
  0x000000001f0ec800 JavaThread "Execution worker for ':' Thread 2" [_thread_blocked, id=7404, stack(0x00000000271a0000,0x00000000272a0000)]
  0x000000001f0ec000 JavaThread "Execution worker for ':'" [_thread_blocked, id=1360, stack(0x00000000270a0000,0x00000000271a0000)]
  0x000000001f0e8000 JavaThread "Cache worker for file content cache (C:\Users\CDeale\AndroidStudioProjects\BattleTechClusterHits\.gradle\5.4.1\fileContent)" [_thread_blocked, id=6716, stack(0x0000000026fa0000,0x00000000270a0000)]
  0x000000001f0eb000 JavaThread "Cache worker for Build Output Cleanup Cache (C:\Users\CDeale\AndroidStudioProjects\BattleTechClusterHits\.gradle\buildOutputCleanup)" [_thread_blocked, id=10608, stack(0x0000000022540000,0x0000000022640000)]
  0x000000001f0e9000 JavaThread "Build operations Thread 12" [_thread_blocked, id=1332, stack(0x0000000026ba0000,0x0000000026ca0000)]
  0x000000001f0ea800 JavaThread "Build operations Thread 11" [_thread_blocked, id=12124, stack(0x00000000265c0000,0x00000000266c0000)]
  0x000000001f0e5000 JavaThread "Build operations Thread 10" [_thread_blocked, id=11692, stack(0x00000000243f0000,0x00000000244f0000)]
  0x000000001e3cf000 JavaThread "Build operations Thread 9" [_thread_blocked, id=13588, stack(0x00000000242f0000,0x00000000243f0000)]
  0x000000001e3ce800 JavaThread "Build operations Thread 8" [_thread_blocked, id=6060, stack(0x00000000241f0000,0x00000000242f0000)]
  0x000000001e3cd800 JavaThread "Build operations Thread 7" [_thread_blocked, id=3064, stack(0x00000000240f0000,0x00000000241f0000)]
  0x000000001e3cd000 JavaThread "Build operations Thread 6" [_thread_blocked, id=5364, stack(0x0000000023ff0000,0x00000000240f0000)]
  0x000000001e3cc000 JavaThread "Build operations Thread 5" [_thread_blocked, id=15700, stack(0x0000000023ef0000,0x0000000023ff0000)]
  0x000000001e3c4800 JavaThread "Build operations Thread 4" [_thread_blocked, id=16060, stack(0x0000000023df0000,0x0000000023ef0000)]
  0x000000001e3cb800 JavaThread "Build operations Thread 3" [_thread_blocked, id=11988, stack(0x0000000023cf0000,0x0000000023df0000)]
  0x000000001e3c4000 JavaThread "Build operations Thread 2" [_thread_blocked, id=11604, stack(0x0000000023bf0000,0x0000000023cf0000)]
  0x000000001e3c5800 JavaThread "Build operations" [_thread_blocked, id=4176, stack(0x0000000023af0000,0x0000000023bf0000)]
  0x000000001e3ca800 JavaThread "Cache worker for cache directory md-rule (C:\Users\CDeale\.gradle\caches\5.4.1\md-rule)" [_thread_blocked, id=14080, stack(0x00000000221c0000,0x00000000222c0000)]
  0x000000001e3c3000 JavaThread "Cache worker for cache directory md-supplier (C:\Users\CDeale\.gradle\caches\5.4.1\md-supplier)" [_thread_blocked, id=9280, stack(0x0000000021f90000,0x0000000022090000)]
  0x000000001e3ca000 JavaThread "Cache worker for file hash cache (C:\Users\CDeale\AndroidStudioProjects\BattleTechClusterHits\.gradle\5.4.1\fileHashes)" [_thread_blocked, id=15104, stack(0x0000000021e90000,0x0000000021f90000)]
  0x000000001e3c2800 JavaThread "Thread-92" [_thread_blocked, id=4092, stack(0x0000000020610000,0x0000000020710000)]
  0x000000001e3c9000 JavaThread "Stdin handler" [_thread_blocked, id=6544, stack(0x0000000020260000,0x0000000020360000)]
  0x000000001e3c8800 JavaThread "Asynchronous log dispatcher for DefaultDaemonConnection: socket connection from /127.0.0.1:51147 to /127.0.0.1:51463" [_thread_blocked, id=14176, stack(0x000000001caf0000,0x000000001cbf0000)]
  0x000000001e3c1000 JavaThread "Daemon worker Thread 2" [_thread_blocked, id=7812, stack(0x000000001c7f0000,0x000000001c8f0000)]
  0x000000001e3c7800 JavaThread "Cancel handler" [_thread_blocked, id=2744, stack(0x000000001c5f0000,0x000000001c6f0000)]
  0x000000001e3c1800 JavaThread "Handler for socket connection from /127.0.0.1:51147 to /127.0.0.1:51463" [_thread_in_native, id=14964, stack(0x000000001c2f0000,0x000000001c3f0000)]
  0x000000001e3c6000 JavaThread "Daemon Thread 2" [_thread_blocked, id=12540, stack(0x000000001c1f0000,0x000000001c2f0000)]
  0x000000001f0e9800 JavaThread "Cache worker for Java compile cache (C:\Users\CDeale\.gradle\caches\5.4.1\javaCompile)" [_thread_blocked, id=5968, stack(0x00000000282c0000,0x00000000283c0000)]
  0x000000001f295800 JavaThread "Cache worker for file content cache (C:\Users\CDeale\.gradle\caches\5.4.1\fileContent)" [_thread_blocked, id=12632, stack(0x0000000026ea0000,0x0000000026fa0000)]
  0x0000000022cea800 JavaThread "Memory manager" [_thread_blocked, id=9536, stack(0x00000000260c0000,0x00000000261c0000)]
  0x000000001f295000 JavaThread "Cache worker for execution history cache (C:\Users\CDeale\.gradle\caches\5.4.1\executionHistory)" [_thread_blocked, id=15888, stack(0x00000000220c0000,0x00000000221c0000)]
  0x000000001b58c000 JavaThread "Cache worker for journal cache (C:\Users\CDeale\.gradle\caches\journal-1)" [_thread_blocked, id=14428, stack(0x000000001cdf0000,0x000000001cef0000)]
  0x000000001b58b800 JavaThread "File lock request listener" [_thread_in_native, id=14424, stack(0x000000001ccf0000,0x000000001cdf0000)]
  0x000000001b58a800 JavaThread "Cache worker for file hash cache (C:\Users\CDeale\.gradle\caches\5.4.1\fileHashes)" [_thread_blocked, id=14412, stack(0x000000001cbf0000,0x000000001ccf0000)]
  0x000000001b1ce800 JavaThread "Daemon periodic checks" [_thread_blocked, id=7916, stack(0x000000001c0f0000,0x000000001c1f0000)]
  0x000000001b1be800 JavaThread "Incoming local TCP Connector on port 51147" [_thread_in_native, id=1928, stack(0x000000001beb0000,0x000000001bfb0000)]
  0x000000001b12e800 JavaThread "Daemon health stats" [_thread_blocked, id=15304, stack(0x000000001b870000,0x000000001b970000)]
  0x00000000184d2800 JavaThread "Service Thread" daemon [_thread_blocked, id=12040, stack(0x0000000019ea0000,0x0000000019fa0000)]
  0x000000001844f800 JavaThread "C1 CompilerThread3" daemon [_thread_blocked, id=15508, stack(0x0000000019da0000,0x0000000019ea0000)]
=>0x000000001844d800 JavaThread "C2 CompilerThread2" daemon [_thread_in_native, id=12032, stack(0x0000000019ca0000,0x0000000019da0000)]
  0x000000001843f800 JavaThread "C2 CompilerThread1" daemon [_thread_in_native, id=14128, stack(0x0000000019ba0000,0x0000000019ca0000)]
  0x0000000018439800 JavaThread "C2 CompilerThread0" daemon [_thread_in_native, id=12024, stack(0x0000000019aa0000,0x0000000019ba0000)]
  0x0000000018437000 JavaThread "Attach Listener" daemon [_thread_blocked, id=8884, stack(0x00000000199a0000,0x0000000019aa0000)]
  0x0000000018445800 JavaThread "Signal Dispatcher" daemon [_thread_blocked, id=10764, stack(0x00000000198a0000,0x00000000199a0000)]
  0x0000000002daa000 JavaThread "Finalizer" daemon [_thread_blocked, id=5876, stack(0x00000000196a0000,0x00000000197a0000)]
  0x0000000016d6c800 JavaThread "Reference Handler" daemon [_thread_blocked, id=10504, stack(0x00000000195a0000,0x00000000196a0000)]
  0x0000000002cae800 JavaThread "main" [_thread_blocked, id=12356, stack(0x0000000002b00000,0x0000000002c00000)]

Other Threads:
  0x0000000016d66000 VMThread [stack: 0x00000000194a0000,0x00000000195a0000] [id=9616]
  0x00000000184d4800 WatcherThread [stack: 0x0000000019fa0000,0x000000001a0a0000] [id=15236]

VM state:not at safepoint (normal execution)

VM Mutex/Monitor currently owned by a thread: None

heap address: 0x00000000a0000000, size: 1536 MB, Compressed Oops mode: 32-bit
Narrow klass base: 0x0000000000000000, Narrow klass shift: 3
Compressed class space size: 1073741824 Address: 0x0000000100000000

Heap:
 PSYoungGen      total 273920K, used 66837K [0x00000000e0000000, 0x00000000f5c00000, 0x0000000100000000)
  eden space 248320K, 16% used [0x00000000e0000000,0x00000000e284ca30,0x00000000ef280000)
  from space 25600K, 99% used [0x00000000f4300000,0x00000000f5bf8b70,0x00000000f5c00000)
  to   space 30208K, 0% used [0x00000000f2100000,0x00000000f2100000,0x00000000f3e80000)
 ParOldGen       total 215040K, used 39222K [0x00000000a0000000, 0x00000000ad200000, 0x00000000e0000000)
  object space 215040K, 18% used [0x00000000a0000000,0x00000000a264daa0,0x00000000ad200000)
 Metaspace       used 80855K, capacity 84366K, committed 84568K, reserved 1122304K
  class space    used 10894K, capacity 11612K, committed 11648K, reserved 1048576K

Card table byte_map: [0x0000000012170000,0x0000000012480000] byte_map_base: 0x0000000011c70000

Marking Bits: (ParMarkBitMap*) 0x0000000075619f30
 Begin Bits: [0x0000000013080000, 0x0000000014880000)
 End Bits:   [0x0000000014880000, 0x0000000016080000)

Polling page: 0x0000000000be0000

CodeCache: size=245760Kb used=31142Kb max_used=31153Kb free=214617Kb
 bounds [0x0000000002db0000, 0x0000000004c50000, 0x0000000011db0000]
 total_blobs=10796 nmethods=9955 adapters=754
 compilation: enabled

Compilation events (10 events):
Event: 1805.349 Thread 0x000000001844f800 nmethod 11669 0x0000000004c31650 code [0x0000000004c318a0, 0x0000000004c32538]
Event: 1805.349 Thread 0x000000001844f800 11670       3       com.sun.tools.javac.jvm.ClassReader::readClassSymbol (55 bytes)
Event: 1805.350 Thread 0x000000001844f800 nmethod 11670 0x0000000004c23810 code [0x0000000004c23a60, 0x0000000004c24958]
Event: 1805.350 Thread 0x000000001844f800 11671       3       com.sun.tools.javac.comp.Attr::visitIdent (554 bytes)
Event: 1805.351 Thread 0x000000001844f800 nmethod 11671 0x0000000004c34d50 code [0x0000000004c351c0, 0x0000000004c37df8]
Event: 1805.351 Thread 0x000000001844f800 11672       3       com.sun.tools.javac.code.Type$PackageType::getTag (4 bytes)
Event: 1805.351 Thread 0x000000001844f800 nmethod 11672 0x0000000004bf8b10 code [0x0000000004bf8c60, 0x0000000004bf8db0]
Event: 1805.353 Thread 0x000000001844f800 11673       3       com.sun.tools.javac.jvm.ClassReader::readClass (474 bytes)
Event: 1805.353 Thread 0x000000001843f800 11674       4       com.sun.tools.javac.util.Convert::utf2chars (135 bytes)
Event: 1805.354 Thread 0x0000000018439800 11676       4       com.sun.tools.javac.jvm.ClassReader::readPool (504 bytes)

GC Heap History (10 events):
Event: 5.339 GC heap before
{Heap before GC invocations=9 (full 2):
 PSYoungGen      total 181760K, used 167424K [0x00000000e0000000, 0x00000000eee80000, 0x0000000100000000)
  eden space 167424K, 100% used [0x00000000e0000000,0x00000000ea380000,0x00000000ea380000)
  from space 14336K, 0% used [0x00000000eb100000,0x00000000eb100000,0x00000000ebf00000)
  to   space 13824K, 0% used [0x00000000ea380000,0x00000000ea380000,0x00000000eb100000)
 ParOldGen       total 147968K, used 16119K [0x00000000a0000000, 0x00000000a9080000, 0x00000000e0000000)
  object space 147968K, 10% used [0x00000000a0000000,0x00000000a0fbddc8,0x00000000a9080000)
 Metaspace       used 49816K, capacity 50976K, committed 51032K, reserved 1093632K
  class space    used 6715K, capacity 7009K, committed 7040K, reserved 1048576K
Event: 5.351 GC heap after
Heap after GC invocations=9 (full 2):
 PSYoungGen      total 181248K, used 13818K [0x00000000e0000000, 0x00000000f2080000, 0x0000000100000000)
  eden space 167424K, 0% used [0x00000000e0000000,0x00000000e0000000,0x00000000ea380000)
  from space 13824K, 99% used [0x00000000ea380000,0x00000000eb0fead0,0x00000000eb100000)
  to   space 18944K, 0% used [0x00000000f0e00000,0x00000000f0e00000,0x00000000f2080000)
 ParOldGen       total 147968K, used 23074K [0x00000000a0000000, 0x00000000a9080000, 0x00000000e0000000)
  object space 147968K, 15% used [0x00000000a0000000,0x00000000a1688848,0x00000000a9080000)
 Metaspace       used 49816K, capacity 50976K, committed 51032K, reserved 1093632K
  class space    used 6715K, capacity 7009K, committed 7040K, reserved 1048576K
}
Event: 6.006 GC heap before
{Heap before GC invocations=10 (full 2):
 PSYoungGen      total 181248K, used 102314K [0x00000000e0000000, 0x00000000f2080000, 0x0000000100000000)
  eden space 167424K, 52% used [0x00000000e0000000,0x00000000e566bd40,0x00000000ea380000)
  from space 13824K, 99% used [0x00000000ea380000,0x00000000eb0fead0,0x00000000eb100000)
  to   space 18944K, 0% used [0x00000000f0e00000,0x00000000f0e00000,0x00000000f2080000)
 ParOldGen       total 147968K, used 23074K [0x00000000a0000000, 0x00000000a9080000, 0x00000000e0000000)
  object space 147968K, 15% used [0x00000000a0000000,0x00000000a1688848,0x00000000a9080000)
 Metaspace       used 56897K, capacity 58956K, committed 59028K, reserved 1099776K
  class space    used 7809K, capacity 8249K, committed 8320K, reserved 1048576K
Event: 6.015 GC heap after
Heap after GC invocations=10 (full 2):
 PSYoungGen      total 274432K, used 17975K [0x00000000e0000000, 0x00000000f2300000, 0x0000000100000000)
  eden space 255488K, 0% used [0x00000000e0000000,0x00000000e0000000,0x00000000ef980000)
  from space 18944K, 94% used [0x00000000f0e00000,0x00000000f1f8dea8,0x00000000f2080000)
  to   space 20992K, 0% used [0x00000000ef980000,0x00000000ef980000,0x00000000f0e00000)
 ParOldGen       total 147968K, used 23146K [0x00000000a0000000, 0x00000000a9080000, 0x00000000e0000000)
  object space 147968K, 15% used [0x00000000a0000000,0x00000000a169a858,0x00000000a9080000)
 Metaspace       used 56897K, capacity 58956K, committed 59028K, reserved 1099776K
  class space    used 7809K, capacity 8249K, committed 8320K, reserved 1048576K
}
Event: 6.015 GC heap before
{Heap before GC invocations=11 (full 3):
 PSYoungGen      total 274432K, used 17975K [0x00000000e0000000, 0x00000000f2300000, 0x0000000100000000)
  eden space 255488K, 0% used [0x00000000e0000000,0x00000000e0000000,0x00000000ef980000)
  from space 18944K, 94% used [0x00000000f0e00000,0x00000000f1f8dea8,0x00000000f2080000)
  to   space 20992K, 0% used [0x00000000ef980000,0x00000000ef980000,0x00000000f0e00000)
 ParOldGen       total 147968K, used 23146K [0x00000000a0000000, 0x00000000a9080000, 0x00000000e0000000)
  object space 147968K, 15% used [0x00000000a0000000,0x00000000a169a858,0x00000000a9080000)
 Metaspace       used 56897K, capacity 58956K, committed 59028K, reserved 1099776K
  class space    used 7809K, capacity 8249K, committed 8320K, reserved 1048576K
Event: 6.102 GC heap after
Heap after GC invocations=11 (full 3):
 PSYoungGen      total 274432K, used 0K [0x00000000e0000000, 0x00000000f2300000, 0x0000000100000000)
  eden space 255488K, 0% used [0x00000000e0000000,0x00000000e0000000,0x00000000ef980000)
  from space 18944K, 0% used [0x00000000f0e00000,0x00000000f0e00000,0x00000000f2080000)
  to   space 20992K, 0% used [0x00000000ef980000,0x00000000ef980000,0x00000000f0e00000)
 ParOldGen       total 215040K, used 31698K [0x00000000a0000000, 0x00000000ad200000, 0x00000000e0000000)
  object space 215040K, 14% used [0x00000000a0000000,0x00000000a1ef4b80,0x00000000ad200000)
 Metaspace       used 56587K, capacity 58042K, committed 59028K, reserved 1099776K
  class space    used 7716K, capacity 8084K, committed 8320K, reserved 1048576K
}
Event: 26.635 GC heap before
{Heap before GC invocations=12 (full 3):
 PSYoungGen      total 274432K, used 255488K [0x00000000e0000000, 0x00000000f2300000, 0x0000000100000000)
  eden space 255488K, 100% used [0x00000000e0000000,0x00000000ef980000,0x00000000ef980000)
  from space 18944K, 0% used [0x00000000f0e00000,0x00000000f0e00000,0x00000000f2080000)
  to   space 20992K, 0% used [0x00000000ef980000,0x00000000ef980000,0x00000000f0e00000)
 ParOldGen       total 215040K, used 31698K [0x00000000a0000000, 0x00000000ad200000, 0x00000000e0000000)
  object space 215040K, 14% used [0x00000000a0000000,0x00000000a1ef4b80,0x00000000ad200000)
 Metaspace       used 68115K, capacity 70136K, committed 70360K, reserved 1110016K
  class space    used 8985K, capacity 9459K, committed 9472K, reserved 1048576K
Event: 26.657 GC heap after
Heap after GC invocations=12 (full 3):
 PSYoungGen      total 276480K, used 20984K [0x00000000e0000000, 0x00000000f5c00000, 0x0000000100000000)
  eden space 255488K, 0% used [0x00000000e0000000,0x00000000e0000000,0x00000000ef980000)
  from space 20992K, 99% used [0x00000000ef980000,0x00000000f0dfe220,0x00000000f0e00000)
  to   space 25600K, 0% used [0x00000000f4300000,0x00000000f4300000,0x00000000f5c00000)
 ParOldGen       total 215040K, used 35958K [0x00000000a0000000, 0x00000000ad200000, 0x00000000e0000000)
  object space 215040K, 16% used [0x00000000a0000000,0x00000000a231d920,0x00000000ad200000)
 Metaspace       used 68115K, capacity 70136K, committed 70360K, reserved 1110016K
  class space    used 8985K, capacity 9459K, committed 9472K, reserved 1048576K
}
Event: 1804.462 GC heap before
{Heap before GC invocations=13 (full 3):
 PSYoungGen      total 276480K, used 276472K [0x00000000e0000000, 0x00000000f5c00000, 0x0000000100000000)
  eden space 255488K, 100% used [0x00000000e0000000,0x00000000ef980000,0x00000000ef980000)
  from space 20992K, 99% used [0x00000000ef980000,0x00000000f0dfe220,0x00000000f0e00000)
  to   space 25600K, 0% used [0x00000000f4300000,0x00000000f4300000,0x00000000f5c00000)
 ParOldGen       total 215040K, used 35958K [0x00000000a0000000, 0x00000000ad200000, 0x00000000e0000000)
  object space 215040K, 16% used [0x00000000a0000000,0x00000000a231d920,0x00000000ad200000)
 Metaspace       used 80718K, capacity 84302K, committed 84568K, reserved 1122304K
  class space    used 10894K, capacity 11612K, committed 11648K, reserved 1048576K
Event: 1804.651 GC heap after
Heap after GC invocations=13 (full 3):
 PSYoungGen      total 273920K, used 25570K [0x00000000e0000000, 0x00000000f5c00000, 0x0000000100000000)
  eden space 248320K, 0% used [0x00000000e0000000,0x00000000e0000000,0x00000000ef280000)
  from space 25600K, 99% used [0x00000000f4300000,0x00000000f5bf8b70,0x00000000f5c00000)
  to   space 30208K, 0% used [0x00000000f2100000,0x00000000f2100000,0x00000000f3e80000)
 ParOldGen       total 215040K, used 39222K [0x00000000a0000000, 0x00000000ad200000, 0x00000000e0000000)
  object space 215040K, 18% used [0x00000000a0000000,0x00000000a264daa0,0x00000000ad200000)
 Metaspace       used 80718K, capacity 84302K, committed 84568K, reserved 1122304K
  class space    used 10894K, capacity 11612K, committed 11648K, reserved 1048576K
}

Deoptimization events (10 events):
Event: 1804.654 Thread 0x000000001f0e6000 Uncommon trap: reason=unstable_if action=reinterpret pc=0x000000000463e034 method=com.google.common.collect.MapMakerInternalMap$Segment.getEntry(Ljava/lang/Object;I)Lcom/google/common/collect/MapMakerInternalMap$InternalEntry; @ 40
Event: 1805.179 Thread 0x000000001f0e7800 Uncommon trap: reason=array_check action=maybe_recompile pc=0x0000000004bd18b0 method=java.util.AbstractCollection.toArray([Ljava/lang/Object;)[Ljava/lang/Object; @ 119
Event: 1805.179 Thread 0x000000001f0e7800 Uncommon trap: reason=array_check action=maybe_recompile pc=0x0000000004bd18b0 method=java.util.AbstractCollection.toArray([Ljava/lang/Object;)[Ljava/lang/Object; @ 119
Event: 1805.279 Thread 0x000000001f0e7800 Uncommon trap: reason=unstable_if action=reinterpret pc=0x0000000003a11fac method=java.lang.StringCoding$StringDecoder.decode([BII)[C @ 20
Event: 1805.298 Thread 0x000000001f0e7800 Uncommon trap: reason=predicate action=maybe_recompile pc=0x0000000004bce754 method=java.util.ComparableTimSort.binarySort([Ljava/lang/Object;III)V @ 37
Event: 1805.299 Thread 0x000000001f0e7800 Uncommon trap: reason=array_check action=maybe_recompile pc=0x000000000437e884 method=java.util.ComparableTimSort.binarySort([Ljava/lang/Object;III)V @ 215
Event: 1805.299 Thread 0x000000001f0e7800 Uncommon trap: reason=array_check action=maybe_recompile pc=0x000000000437e884 method=java.util.ComparableTimSort.binarySort([Ljava/lang/Object;III)V @ 215
Event: 1805.299 Thread 0x000000001f0e7800 Uncommon trap: reason=array_check action=maybe_recompile pc=0x000000000437e978 method=java.util.ComparableTimSort.binarySort([Ljava/lang/Object;III)V @ 193
Event: 1805.299 Thread 0x000000001f0e7800 Uncommon trap: reason=array_check action=maybe_recompile pc=0x000000000437e884 method=java.util.ComparableTimSort.binarySort([Ljava/lang/Object;III)V @ 215
Event: 1805.303 Thread 0x000000001f0e7800 Uncommon trap: reason=array_check action=maybe_recompile pc=0x0000000004c1d594 method=java.util.ComparableTimSort.binarySort([Ljava/lang/Object;III)V @ 193

Classes redefined (0 events):
No events

Internal exceptions (10 events):
Event: 31.373 Thread 0x000000001b355800 Exception <a 'java/lang/NoSuchMethodError': <clinit>> (0x00000000eb86f950) thrown at [D:\src\AOSP-openjdk-cygwin\jdk8u\hotspot\src\share\vm\prims\jni.cpp, line 1614]
Event: 31.374 Thread 0x000000001b355800 Exception <a 'java/lang/NoSuchMethodError': <clinit>> (0x00000000eb8799b0) thrown at [D:\src\AOSP-openjdk-cygwin\jdk8u\hotspot\src\share\vm\prims\jni.cpp, line 1614]
Event: 31.374 Thread 0x000000001b355800 Exception <a 'java/lang/NoSuchMethodError': <clinit>> (0x00000000eb8929d8) thrown at [D:\src\AOSP-openjdk-cygwin\jdk8u\hotspot\src\share\vm\prims\jni.cpp, line 1614]
Event: 31.375 Thread 0x000000001b355800 Exception <a 'java/lang/NoSuchMethodError': <clinit>> (0x00000000eb8a35c8) thrown at [D:\src\AOSP-openjdk-cygwin\jdk8u\hotspot\src\share\vm\prims\jni.cpp, line 1614]
Event: 1804.210 Thread 0x000000001e3c1000 Implicit null exception at 0x00000000049c4df7 to 0x00000000049c5879
Event: 1804.211 Thread 0x000000001e3c1000 Implicit null exception at 0x000000000499349f to 0x0000000004993951
Event: 1804.651 Thread 0x000000001f0f2000 Implicit null exception at 0x0000000002f312f9 to 0x0000000002f331cd
Event: 1804.651 Thread 0x000000001f0e6000 Implicit null exception at 0x0000000002f312f9 to 0x0000000002f331cd
Event: 1804.653 Thread 0x000000001f0f2000 Implicit null exception at 0x00000000046f124e to 0x00000000046f165d
Event: 1804.654 Thread 0x000000001f0e6000 Implicit null exception at 0x000000000463dd89 to 0x000000000463e021

Events (10 events):
Event: 1805.311 Thread 0x000000001f0e7800 DEOPT PACKING pc=0x0000000004331eca sp=0x0000000027c9a230
Event: 1805.311 Thread 0x000000001f0e7800 DEOPT UNPACKING pc=0x0000000002df75d0 sp=0x0000000027c9a058 mode 0
Event: 1805.311 Thread 0x000000001f0e7800 DEOPT PACKING pc=0x0000000004331eca sp=0x0000000027c9a230
Event: 1805.311 Thread 0x000000001f0e7800 DEOPT UNPACKING pc=0x0000000002df75d0 sp=0x0000000027c9a058 mode 0
Event: 1805.312 Thread 0x000000001f0e7800 DEOPT PACKING pc=0x0000000004331eca sp=0x0000000027c9a230
Event: 1805.312 Thread 0x000000001f0e7800 DEOPT UNPACKING pc=0x0000000002df75d0 sp=0x0000000027c9a058 mode 0
Event: 1805.316 Thread 0x000000001f0e7800 DEOPT PACKING pc=0x0000000004331eca sp=0x0000000027c9a230
Event: 1805.316 Thread 0x000000001f0e7800 DEOPT UNPACKING pc=0x0000000002df75d0 sp=0x0000000027c9a058 mode 0
Event: 1805.316 Thread 0x000000001f0e7800 DEOPT PACKING pc=0x0000000004331eca sp=0x0000000027c9a230
Event: 1805.316 Thread 0x000000001f0e7800 DEOPT UNPACKING pc=0x0000000002df75d0 sp=0x0000000027c9a058 mode 0


Dynamic libraries:
0x00007ff75fd70000 - 0x00007ff75fda1000 	C:\Program Files\Android\Android Studio\jre\bin\java.exe
0x00007ffe84220000 - 0x00007ffe84410000 	C:\WINDOWS\SYSTEM32\ntdll.dll
0x00007ffe7f1b0000 - 0x00007ffe7f1c5000 	C:\Program Files (x86)\AVG\Antivirus\aswhook.dll
0x00007ffe83790000 - 0x00007ffe83842000 	C:\WINDOWS\System32\KERNEL32.DLL
0x00007ffe811b0000 - 0x00007ffe81453000 	C:\WINDOWS\System32\KERNELBASE.dll
0x00007ffe83fc0000 - 0x00007ffe84063000 	C:\WINDOWS\System32\ADVAPI32.dll
0x00007ffe83f20000 - 0x00007ffe83fbe000 	C:\WINDOWS\System32\msvcrt.dll
0x00007ffe83430000 - 0x00007ffe834c7000 	C:\WINDOWS\System32\sechost.dll
0x00007ffe822d0000 - 0x00007ffe823f0000 	C:\WINDOWS\System32\RPCRT4.dll
0x00007ffe831c0000 - 0x00007ffe83354000 	C:\WINDOWS\System32\USER32.dll
0x00007ffe81ee0000 - 0x00007ffe81f01000 	C:\WINDOWS\System32\win32u.dll
0x00007ffe83e90000 - 0x00007ffe83eb6000 	C:\WINDOWS\System32\GDI32.dll
0x00007ffe81c60000 - 0x00007ffe81df4000 	C:\WINDOWS\System32\gdi32full.dll
0x00007ffe82010000 - 0x00007ffe820ae000 	C:\WINDOWS\System32\msvcp_win.dll
0x00007ffe81f10000 - 0x00007ffe8200a000 	C:\WINDOWS\System32\ucrtbase.dll
0x00007ffe6faa0000 - 0x00007ffe6fd25000 	C:\WINDOWS\WinSxS\amd64_microsoft.windows.common-controls_6595b64144ccf1df_6.0.18362.657_none_e6c5b579130e3898\COMCTL32.dll
0x00007ffe82db0000 - 0x00007ffe830e6000 	C:\WINDOWS\System32\combase.dll
0x00007ffe81e00000 - 0x00007ffe81e80000 	C:\WINDOWS\System32\bcryptPrimitives.dll
0x00007ffe82ae0000 - 0x00007ffe82b0e000 	C:\WINDOWS\System32\IMM32.DLL
0x0000000074c90000 - 0x0000000074d62000 	C:\Program Files\Android\Android Studio\jre\jre\bin\msvcr100.dll
0x0000000074e50000 - 0x0000000075696000 	C:\Program Files\Android\Android Studio\jre\jre\bin\server\jvm.dll
0x00007ffe84120000 - 0x00007ffe84128000 	C:\WINDOWS\System32\PSAPI.DLL
0x00007ffe65830000 - 0x00007ffe65839000 	C:\WINDOWS\SYSTEM32\WSOCK32.dll
0x00007ffe830f0000 - 0x00007ffe8315f000 	C:\WINDOWS\System32\WS2_32.dll
0x00007ffe7f050000 - 0x00007ffe7f074000 	C:\WINDOWS\SYSTEM32\WINMM.dll
0x00007ffe7b830000 - 0x00007ffe7b83a000 	C:\WINDOWS\SYSTEM32\VERSION.dll
0x00007ffe7f010000 - 0x00007ffe7f03d000 	C:\WINDOWS\SYSTEM32\WINMMBASE.dll
0x00007ffe81be0000 - 0x00007ffe81c2a000 	C:\WINDOWS\System32\cfgmgr32.dll
0x00007ffe7dbd0000 - 0x00007ffe7dbdf000 	C:\Program Files\Android\Android Studio\jre\jre\bin\verify.dll
0x00007ffe7c720000 - 0x00007ffe7c749000 	C:\Program Files\Android\Android Studio\jre\jre\bin\java.dll
0x00007ffe797b0000 - 0x00007ffe797c6000 	C:\Program Files\Android\Android Studio\jre\jre\bin\zip.dll
0x00007ffe823f0000 - 0x00007ffe82ad5000 	C:\WINDOWS\System32\SHELL32.dll
0x00007ffe84070000 - 0x00007ffe84119000 	C:\WINDOWS\System32\shcore.dll
0x00007ffe81460000 - 0x00007ffe81bdf000 	C:\WINDOWS\System32\windows.storage.dll
0x00007ffe81170000 - 0x00007ffe8118f000 	C:\WINDOWS\System32\profapi.dll
0x00007ffe81120000 - 0x00007ffe8116a000 	C:\WINDOWS\System32\powrprof.dll
0x00007ffe810f0000 - 0x00007ffe81100000 	C:\WINDOWS\System32\UMPDC.dll
0x00007ffe82be0000 - 0x00007ffe82c32000 	C:\WINDOWS\System32\shlwapi.dll
0x00007ffe81100000 - 0x00007ffe81111000 	C:\WINDOWS\System32\kernel.appcore.dll
0x00007ffe822b0000 - 0x00007ffe822c7000 	C:\WINDOWS\System32\cryptsp.dll
0x00007ffe77e40000 - 0x00007ffe77e5a000 	C:\Program Files\Android\Android Studio\jre\jre\bin\net.dll
0x00007ffe80960000 - 0x00007ffe809c7000 	C:\WINDOWS\system32\mswsock.dll
0x00007ffe6f950000 - 0x00007ffe6f961000 	C:\Program Files\Android\Android Studio\jre\jre\bin\nio.dll
0x00007ffe6a9a0000 - 0x00007ffe6a9c6000 	C:\Users\CDeale\.gradle\native\29\windows-amd64\native-platform.dll
0x00007ffe7d960000 - 0x00007ffe7d96d000 	C:\Program Files\Android\Android Studio\jre\jre\bin\management.dll
0x00007ffe804d0000 - 0x00007ffe80503000 	C:\WINDOWS\system32\rsaenh.dll
0x00007ffe81c30000 - 0x00007ffe81c56000 	C:\WINDOWS\System32\bcrypt.dll
0x00007ffe81010000 - 0x00007ffe81035000 	C:\WINDOWS\SYSTEM32\USERENV.dll
0x00007ffe80b30000 - 0x00007ffe80b3c000 	C:\WINDOWS\SYSTEM32\CRYPTBASE.dll
0x00007ffe80670000 - 0x00007ffe806aa000 	C:\WINDOWS\SYSTEM32\IPHLPAPI.DLL
0x00007ffe834d0000 - 0x00007ffe834d8000 	C:\WINDOWS\System32\NSI.dll
0x00007ffe77aa0000 - 0x00007ffe77ab6000 	C:\WINDOWS\SYSTEM32\dhcpcsvc6.DLL
0x00007ffe77f70000 - 0x00007ffe77f8c000 	C:\WINDOWS\SYSTEM32\dhcpcsvc.DLL
0x00007ffe806b0000 - 0x00007ffe8077a000 	C:\WINDOWS\SYSTEM32\DNSAPI.dll

VM Arguments:
jvm_args: -Xmx1536m -Dfile.encoding=windows-1252 -Duser.country=US -Duser.language=en -Duser.variant 
java_command: org.gradle.launcher.daemon.bootstrap.GradleDaemon 5.4.1
java_class_path (initial): C:\Users\CDeale\.gradle\wrapper\dists\gradle-5.4.1-all\3221gyojl5jsh0helicew7rwx\gradle-5.4.1\lib\gradle-launcher-5.4.1.jar
Launcher Type: SUN_STANDARD

Environment Variables:
CLASSPATH=C:\Mplwin\50\bin\win64\Optimax.jar
PATH=C:\Program Files (x86)\Common Files\Oracle\Java\javapath;C:\Program Files (x86)\Razer Chroma SDK\bin;C:\Program Files\Razer Chroma SDK\bin;C:\ProgramData\Oracle\Java\javapath;C:\Program Files (x86)\Common Files\Microsoft Shared\Windows Live;C:\Program Files (x86)\Intel\iCLS Client\;C:\Program Files\Intel\iCLS Client\;C:\WINDOWS\system32;C:\WINDOWS;C:\WINDOWS\System32\Wbem;C:\WINDOWS\System32\WindowsPowerShell\v1.0\;C:\MinGW\bin;C:\Mplwin\50\bin\win64\;C:\Program Files (x86)\NVIDIA Corporation\PhysX\Common;C:\WINDOWS\system32\config\systemprofile\AppData\Local\Microsoft\WindowsApps;C:\Program Files\Intel\Intel(R) Management Engine Components\DAL;C:\Program Files\Intel\Intel(R) Management Engine Components\IPT;C:\Program Files (x86)\Skype\Phone\;C:\WINDOWS\System32\OpenSSH\;C:\WINDOWS\system32;C:\WINDOWS;C:\WINDOWS\System32\Wbem;C:\WINDOWS\System32\WindowsPowerShell\v1.0\;C:\WINDOWS\System32\OpenSSH\;C:\Program Files\NVIDIA Corporation\NVIDIA NvDLISR;C:\Program Files\Common Files\Microsoft Shared\Windows Live;C:\Program Files (x86)\SSH Communications Security\SSH Secure Shell;C:\Users\CDeale\AppData\Local\Microsoft\WindowsApps;
USERNAME=CDeale
OS=Windows_NT
PROCESSOR_IDENTIFIER=Intel64 Family 6 Model 158 Stepping 10, GenuineIntel



---------------  S Y S T E M  ---------------

OS: Windows 10.0 , 64 bit Build 18362 (10.0.18362.329)

CPU:total 12 (initial active 12) (6 cores per cpu, 2 threads per core) family 6 model 158 stepping 10, cmov, cx8, fxsr, mmx, sse, sse2, sse3, ssse3, sse4.1, sse4.2, popcnt, avx, avx2, aes, clmul, erms, rtm, 3dnowpref, lzcnt, ht, tsc, tscinvbit, bmi1, bmi2, adx

Memory: 4k page, physical 16699772k(443836k free), swap 47832400k(5932k free)

vm_info: OpenJDK 64-Bit Server VM (25.202-b03) for windows-amd64 JRE (1.8.0_202-release-1483-b03), built by "builder" with MS VC++ 10.0 (VS2010)

time: Sun Mar 01 09:44:09 2020
timezone: Eastern Standard Time
elapsed time: 1805 seconds (0d 0h 30m 5s)

